[2026-04-09T09:05:21.699Z] GET https://jinjoooppa.tistory.com/35 → pending (?ms, ?B)
[2026-04-09T09:05:24.902Z] GET https://tistory1.daumcdn.net/tistory_admin/userblog/userblog-91597a4fd4b809d820e03b8cb7c3f10bb5ffa703/static/plugin/BusinessLicenseInfo/style.css → 200 (91ms, 883B)
[2026-04-09T09:05:24.902Z] GET https://tistory1.daumcdn.net/tistory_admin/userblog/userblog-91597a4fd4b809d820e03b8cb7c3f10bb5ffa703/static/plugin/TistoryProfileLayer/style.css → 200 (94ms, 9209B)
[2026-04-09T09:05:24.902Z] GET https://tistory1.daumcdn.net/tistory_admin/userblog/userblog-91597a4fd4b809d820e03b8cb7c3f10bb5ffa703/static/plugin/TistoryProfileLayer/script.js → 200 (183ms, 9808B)
[2026-04-09T09:05:24.902Z] GET https://t1.daumcdn.net/tistory_admin/lib/jquery/jquery-3.5.1.min.js → 200 (181ms, 89476B)
[2026-04-09T09:05:24.902Z] GET https://t1.daumcdn.net/tiara/js/v1/tiara-1.2.0.min.js → 200 (180ms, 22315B)
[2026-04-09T09:05:24.902Z] GET https://tistory1.daumcdn.net/tistory_admin/userblog/userblog-91597a4fd4b809d820e03b8cb7c3f10bb5ffa703/static/pc/dist/index.js → 200 (293ms, 685440B)
[2026-04-09T09:05:24.902Z] GET https://t1.daumcdn.net/tistory_admin/www/style/font.css → 200 (99ms, 6402B)
[2026-04-09T09:05:24.910Z] GET https://tistory1.daumcdn.net/tistory_admin/userblog/userblog-91597a4fd4b809d820e03b8cb7c3f10bb5ffa703/static/style/content.css → 200 (144ms, 31194B)
[2026-04-09T09:05:24.910Z] GET https://tistory1.daumcdn.net/tistory_admin/userblog/userblog-91597a4fd4b809d820e03b8cb7c3f10bb5ffa703/static/pc/dist/index.css → 200 (140ms, 59563B)
[2026-04-09T09:05:24.910Z] GET https://tistory1.daumcdn.net/tistory_admin/userblog/userblog-91597a4fd4b809d820e03b8cb7c3f10bb5ffa703/static/style/uselessPMargin.css → 200 (136ms, 163B)
[2026-04-09T09:05:24.910Z] GET https://tistory1.daumcdn.net/tistory_admin/userblog/userblog-91597a4fd4b809d820e03b8cb7c3f10bb5ffa703/static/script/base.js → 200 (183ms, 89351B)
[2026-04-09T09:05:24.910Z] GET https://developers.kakao.com/sdk/js/kakao.min.js → 301 (169ms, ?B)
[2026-04-09T09:05:24.911Z] GET https://cdn.jsdelivr.net/npm/xeicon@2.3.3/xeicon.min.css → pending (?ms, ?B)
[2026-04-09T09:05:24.911Z] GET https://tistory1.daumcdn.net/tistory/0/Odyssey/style.css → 200 (86ms, 103293B)
[2026-04-09T09:05:24.911Z] GET https://t1.daumcdn.net/tistory_admin/lib/jquery/jquery-1.12.4.min.js → 200 (183ms, 97163B)
[2026-04-09T09:05:24.911Z] GET https://t1.daumcdn.net/tistory_admin/assets/skin/common/vh-check.min.js → 200 (170ms, 2310B)
[2026-04-09T09:05:24.911Z] GET https://tistory1.daumcdn.net/tistory/0/Odyssey/images/common.js → pending (?ms, ?B)
[2026-04-09T09:05:24.911Z] GET https://tistory1.daumcdn.net/tistory_admin/userblog/userblog-91597a4fd4b809d820e03b8cb7c3f10bb5ffa703/static/style/revenue.css → 200 (150ms, 2077B)
[2026-04-09T09:05:24.911Z] GET https://tistory1.daumcdn.net/tistory_admin/userblog/userblog-91597a4fd4b809d820e03b8cb7c3f10bb5ffa703/static/style/dialog.css → 200 (151ms, 8884B)
[2026-04-09T09:05:24.911Z] GET https://t1.daumcdn.net/tistory_admin/www/style/top/font.css → 200 (100ms, 3755B)
[2026-04-09T09:05:24.911Z] GET https://tistory1.daumcdn.net/tistory_admin/userblog/userblog-91597a4fd4b809d820e03b8cb7c3f10bb5ffa703/static/style/postBtn.css → 200 (154ms, 15977B)
[2026-04-09T09:05:24.911Z] GET https://tistory1.daumcdn.net/tistory_admin/userblog/userblog-91597a4fd4b809d820e03b8cb7c3f10bb5ffa703/static/style/tistory.css → 200 (153ms, 28327B)
[2026-04-09T09:05:24.912Z] GET https://tistory1.daumcdn.net/tistory_admin/userblog/userblog-91597a4fd4b809d820e03b8cb7c3f10bb5ffa703/static/script/common.js → 200 (180ms, 21915B)
[2026-04-09T09:05:24.912Z] GET https://tistory1.daumcdn.net/tistory_admin/userblog/userblog-91597a4fd4b809d820e03b8cb7c3f10bb5ffa703/static/script/odyssey.js → 200 (172ms, 1775B)
[2026-04-09T09:05:24.912Z] GET https://pagead2.googlesyndication.com/pagead/js/adsbygoogle.js?client=ca-pub-9527582522912841 → pending (?ms, ?B)
[2026-04-09T09:05:24.912Z] GET https://t1.daumcdn.net/kas/static/ba.min.js → pending (?ms, ?B)
[2026-04-09T09:05:24.912Z] GET https://t1.daumcdn.net/tistory_admin/static/manage/images/r3/default_L.png → 200 (159ms, 3369B)
[2026-04-09T09:05:24.912Z] GET https://tistory1.daumcdn.net/tistory_admin/blogs/image/category/new_ico_5.gif → 200 (156ms, 121B)
[2026-04-09T09:05:24.912Z] GET https://platform.twitter.com/widgets.js → pending (?ms, ?B)
[2026-04-09T09:05:24.912Z] GET https://search1.daumcdn.net/search/statics/common/js/g/search_dragselection.min.js → 200 (253ms, 4944B)
[2026-04-09T09:05:24.912Z] GET https://cdnjs.cloudflare.com/ajax/libs/highlight.js/10.7.3/styles/atom-one-light.min.css → 200 (247ms, 792B)
[2026-04-09T09:05:24.912Z] GET https://cdnjs.cloudflare.com/ajax/libs/highlight.js/10.7.3/highlight.min.js → 200 (387ms, ?B)
[2026-04-09T09:05:24.912Z] GET https://cdnjs.cloudflare.com/ajax/libs/highlight.js/10.7.3/languages/delphi.min.js → 200 (384ms, ?B)
[2026-04-09T09:05:24.913Z] GET https://cdnjs.cloudflare.com/ajax/libs/highlight.js/10.7.3/languages/php.min.js → pending (?ms, ?B)
[2026-04-09T09:05:24.913Z] GET https://cdnjs.cloudflare.com/ajax/libs/highlight.js/10.7.3/languages/python.min.js → pending (?ms, ?B)
[2026-04-09T09:05:24.913Z] GET https://cdnjs.cloudflare.com/ajax/libs/highlight.js/10.7.3/languages/r.min.js → pending (?ms, ?B)
[2026-04-09T09:05:24.913Z] GET https://cdnjs.cloudflare.com/ajax/libs/highlight.js/10.7.3/languages/ruby.min.js → pending (?ms, ?B)
[2026-04-09T09:05:24.913Z] GET https://cdnjs.cloudflare.com/ajax/libs/highlight.js/10.7.3/languages/scala.min.js → pending (?ms, ?B)
[2026-04-09T09:05:24.913Z] GET https://cdnjs.cloudflare.com/ajax/libs/highlight.js/10.7.3/languages/shell.min.js → pending (?ms, ?B)
[2026-04-09T09:05:24.913Z] GET https://cdnjs.cloudflare.com/ajax/libs/highlight.js/10.7.3/languages/sql.min.js → pending (?ms, ?B)
[2026-04-09T09:05:24.913Z] GET https://cdnjs.cloudflare.com/ajax/libs/highlight.js/10.7.3/languages/swift.min.js → pending (?ms, ?B)
[2026-04-09T09:05:24.914Z] GET https://cdnjs.cloudflare.com/ajax/libs/highlight.js/10.7.3/languages/typescript.min.js → pending (?ms, ?B)
[2026-04-09T09:05:24.914Z] GET https://cdnjs.cloudflare.com/ajax/libs/highlight.js/10.7.3/languages/vbnet.min.js → pending (?ms, ?B)
[2026-04-09T09:05:24.914Z] GET https://t1.daumcdn.net/tistory_admin/frontend/tiara/v1.0.7/index.js → 200 (180ms, 5544B)
[2026-04-09T09:05:25.080Z] GET https://t1.kakaocdn.net/kakao_js_sdk/v1/kakao.min.js → 200 (86ms, 114163B)
[2026-04-09T09:05:25.442Z] GET https://tistory1.daumcdn.net/tistory/0/Odyssey/images/icon-search.svg → 200 (5ms, 306B)
[2026-04-09T09:05:25.442Z] GET https://t1.daumcdn.net/tistory_admin/frontend/assets/fonts/pretendard/Pretendard-Regular.woff2 → 200 (463ms, 764852B)
[2026-04-09T09:05:25.467Z] GET https://connect.facebook.net/ko_KR/sdk.js → 200 (449ms, 12466B)
[2026-04-09T09:05:25.864Z] GET https://t1.daumcdn.net/keditor/dist/0.7.21/image/blockquote-style1.svg → 200 (2ms, 868B)
[2026-04-09T09:05:25.864Z] GET https://t1.daumcdn.net/keditor/dist/0.7.21/image/divider-line.svg → 200 (4ms, 1078B)
[2026-04-09T09:05:25.864Z] GET https://t1.daumcdn.net/tistory_admin/static/revenue/adfit.svg → 200 (35ms, 604B)
[2026-04-09T09:05:25.864Z] GET https://t1.daumcdn.net/tistory_admin/static/admin/editor/ico_postbtn_190118.png → 200 (36ms, 6875B)
[2026-04-09T09:05:25.864Z] GET https://t1.daumcdn.net/tistory_admin/static/top/pc/img_common_tistory_190314.png → 200 (36ms, 4088B)
[2026-04-09T09:05:25.864Z] GET https://tistory1.daumcdn.net/tistory/0/Odyssey/images/bullet-tab.svg → 200 (37ms, 190B)
[2026-04-09T09:05:25.864Z] GET https://img1.daumcdn.net/thumb/R750x0/?scode=mtistory2&fname=https%3A%2F%2Fblog.kakaocdn.net%2Fdna%2FdtlV8G%2FdJMcacbB186%2FAAAAAAAAAAAAAAAAAAAAABhs6VOwuvNXX5hkEOny6sXrzTozv6YYAcbSgeEhgl84%2Fimg.png%3Fcredential%3DyqXZFxpELC7KVnFOS48ylbz2pIh7yKj8%26expires%3D1777561199%26allow_ip%3D%26allow_referer%3D%26signature%3DbDGkqDhfSp0qBX2qNv0o0l6YoZ4%253D → 200 (39ms, 17523B)
[2026-04-09T09:05:25.864Z] GET https://tistory1.daumcdn.net/tistory/0/Odyssey/images/icon-more.svg → 200 (37ms, 169B)
[2026-04-09T09:05:25.919Z] GET https://webid.ad.daum.net/sync?v=0.0.1 → 200 (139ms, 35B)
[2026-04-09T09:05:25.940Z] GET https://t1.daumcdn.net/tistory_admin/static/font/nanum-gothic/nanum-gothic-regular.woff2 → 200 (122ms, 430316B)
[2026-04-09T09:05:26.057Z] POST https://aem-kakao-collector.onkakao.net/api/13528/envelope/?sentry_version=7&sentry_key=a8db199ab4d9487f97e8df418a9d79a5&sentry_client=sentry.javascript.react%2F8.42.0 → 200 (72ms, ?B)
[2026-04-09T09:05:26.127Z] GET https://img1.daumcdn.net/thumb/R1440x0/?scode=mtistory2&fname=https%3A%2F%2Fblog.kakaocdn.net%2Fdna%2FdtlV8G%2FdJMcacbB186%2FAAAAAAAAAAAAAAAAAAAAABhs6VOwuvNXX5hkEOny6sXrzTozv6YYAcbSgeEhgl84%2Fimg.png%3Fcredential%3DyqXZFxpELC7KVnFOS48ylbz2pIh7yKj8%26expires%3D1777561199%26allow_ip%3D%26allow_referer%3D%26signature%3DbDGkqDhfSp0qBX2qNv0o0l6YoZ4%253D → 200 (60ms, 17523B)
[2026-04-09T09:05:26.142Z] GET https://jinjoooppa.tistory.com/reaction?entryId=35 → 200 (51ms, 153B)
[2026-04-09T09:05:26.156Z] GET https://jinjoooppa.tistory.com/namecard → 200 (35ms, 373B)
[2026-04-09T09:05:26.161Z] GET https://img1.daumcdn.net/thumb/C44x44@2x.fwebp.q85/?fname=https%3A%2F%2Ft1.daumcdn.net%2Ftistory_admin%2Fblog%2Fadmin%2Fprofile_default_03.png → 200 (16ms, 1410B)
[2026-04-09T09:05:26.161Z] GET https://t1.daumcdn.net/tistory_admin/static/mobile/tt_img_area_reply_231108.svg → 200 (25ms, 21796B)
[2026-04-09T09:05:26.161Z] GET https://t1.daumcdn.net/tistory_admin/frontend/assets/fonts/pretendard/Pretendard-SemiBold.woff2 → pending (?ms, ?B)
[2026-04-09T09:05:26.161Z] GET https://t1.daumcdn.net/tistory_admin/frontend/assets/fonts/pretendard/Pretendard-Medium.woff2 → pending (?ms, ?B)
[2026-04-09T09:05:26.176Z] GET https://jinjoooppa.tistory.com/m/api/35/comment/count → 200 (27ms, 20B)
[2026-04-09T09:05:26.176Z] GET https://jinjoooppa.tistory.com/m/api/35/comment?reverse=true → 200 (32ms, 61B)
[2026-04-09T09:05:26.176Z] GET https://jinjoooppa.tistory.com/m/api/35/comment/pin → 200 (36ms, 13B)
[2026-04-09T09:05:26.176Z] GET https://jinjoooppa.tistory.com/m/api/35/comment/config → 200 (33ms, 87B)
[2026-04-09T09:05:26.215Z] GET https://img1.daumcdn.net/thumb/S56x56/?scode=mtistory2&fname=https%3A%2F%2Ft1.daumcdn.net%2Ftistory_admin%2Fstatic%2Fmanage%2Fimages%2Fr3%2Fdefault_L.png → 200 (48ms, 813B)
[2026-04-09T09:05:26.260Z] GET https://t1.kakaocdn.net/kas/static/third-party/cookie/ct2.html → 200 (45ms, ?B)
[2026-04-09T09:05:26.318Z] GET https://platform.twitter.com/widgets/widget_iframe.2f70fb173b9000da126c79afe2098f02.html?origin=https%3A%2F%2Fjinjoooppa.tistory.com → pending (?ms, ?B)
[2026-04-09T09:05:26.340Z] GET https://connect.facebook.net/ko_KR/bundle/sdk.js/ → 200 (71ms, 265869B)
[2026-04-09T09:05:26.396Z] GET https://pagead2.googlesyndication.com/pagead/managed/js/adsense/m202604030101/show_ads_impl.js → 200 (161ms, 656542B)
[2026-04-09T09:05:26.442Z] GET https://syndication.twitter.com/settings?session_id=5e95459de157621b45b6a6be6daf5e85091bd8b8 → 200 (185ms, 870B)
[2026-04-09T09:05:26.632Z] GET https://platform.twitter.com/js/timeline.e108540dddc96e4b707f5cf259a582d7.js → 200 (39ms, 8258B)
[2026-04-09T09:05:26.904Z] GET https://googleads.g.doubleclick.net/pagead/html/r20260407/r20190131/zrt_lookup.html → 200 (239ms, 9810B)
[2026-04-09T09:05:26.938Z] GET https://pagead2.googlesyndication.com/pagead/gen_204?id=ach_evt&tn=DIV&cls=%23menubar%20menu_toolbar%20toolbar_rb&ign=false&pw=1280&ph=720&x=1255&y=695 → 204 (65ms, ?B)
[2026-04-09T09:05:26.940Z] GET https://googleads.g.doubleclick.net/pagead/ads?client=ca-pub-9527582522912841&output=html&adk=3631219909&adf=2191680543&lmt=1775725526&plat=1%3A16777216%2C3%3A16%2C4%3A16%2C9%3A32776%2C16%3A8388608%2C17%3A32%2C24%3A32%2C25%3A32%2C30%3A1081344%2C32%3A32%2C41%3A32%2C42%3A32%2C43%3A32&format=0x0&url=https%3A%2F%2Fjinjoooppa.tistory.com%2F35&host=ca-host-pub-9691043933427338&pra=5&aiof=9&asro=0&aiapmd=0.0001&aiapmid=1&aiactd=0&aicctd=0&ailctd=0&aimartd=4&aieuf=1&aicrs=1&uach=WyJXaW5kb3dzIiwiMTkuMC4wIiwieDg2IiwiIiwiMTQ1LjAuNzYzMi42IixudWxsLDAsbnVsbCwiNjQiLFtbIk5vdDpBLUJyYW5kIiwiOTkuMC4wLjAiXSxbIkhlYWRsZXNzQ2hyb21lIiwiMTQ1LjAuNzYzMi42Il0sWyJDaHJvbWl1bSIsIjE0NS4wLjc2MzIuNiJdXSwwXQ..&abgtt=6&dt=1775725526373&bpp=19&bdt=1491&idt=509&shv=r20260407&mjsv=m202604030101&ptt=9&saldr=aa&abxe=1&cookie_enabled=1&eoidce=1&nras=1&correlator=2052791424006&frm=20&pv=2&u_tz=540&u_his=2&u_h=720&u_w=1280&u_ah=720&u_aw=1280&u_cd=24&u_sd=1&dmc=8&adx=-12245933&ady=-12245933&biw=1280&bih=720&scr_x=0&scr_y=0&eid=31097490%2C95386955%2C95379824&oid=2&pvsid=4634554289795289&tmod=1326407866&uas=0&nvt=1&fsapi=1&fc=1920&brdim=0%2C0%2C0%2C0%2C1280%2C0%2C1280%2C720%2C1280%2C720&vis=1&rsz=%7C%7Cs%7C&abl=NS&fu=32768&bc=31&bz=1&pgls=CAk.&ifi=1&uci=a!1&fsb=1&dtd=562 → 200 (282ms, ?B)
[2026-04-09T09:05:26.967Z] GET https://googleads.g.doubleclick.net/pagead/ads?client=ca-pub-9527582522912841&output=html&h=280&slotname=3825649038&adk=3060059969&adf=1704317537&pi=t.ma~as.3825649038&w=600&fwrn=4&fwrnh=100&lmt=1775725526&rafmt=1&ad_type=inventory&format=600x280&url=https%3A%2F%2Fjinjoooppa.tistory.com%2F35&host=ca-host-pub-9691043933427338&fwr=0&fwrattr=true&rpe=1&resp_fmts=3&aiof=9&asro=0&aiapmd=0.0001&aiapmid=1&aiactd=0&aicctd=0&ailctd=0&aimartd=4&aieuf=1&aicrs=1&uach=WyJXaW5kb3dzIiwiMTkuMC4wIiwieDg2IiwiIiwiMTQ1LjAuNzYzMi42IixudWxsLDAsbnVsbCwiNjQiLFtbIk5vdDpBLUJyYW5kIiwiOTkuMC4wLjAiXSxbIkhlYWRsZXNzQ2hyb21lIiwiMTQ1LjAuNzYzMi42Il0sWyJDaHJvbWl1bSIsIjE0NS4wLjc2MzIuNiJdXSwwXQ..&abgtt=6&dt=1775725526392&bpp=3&bdt=1510&idt=558&shv=r20260407&mjsv=m202604030101&ptt=9&saldr=aa&abxe=1&cookie_enabled=1&eoidce=1&prev_fmts=0x0&nras=1&correlator=2052791424006&frm=20&pv=1&u_tz=540&u_his=2&u_h=720&u_w=1280&u_ah=720&u_aw=1280&u_cd=24&u_sd=1&dmc=8&adx=150&ady=623&biw=1280&bih=720&scr_x=0&scr_y=0&eid=31097490%2C95386955%2C95379824&oid=2&pvsid=4634554289795289&tmod=1326407866&uas=0&nvt=1&fc=1920&brdim=0%2C0%2C0%2C0%2C1280%2C0%2C1280%2C720%2C1280%2C720&vis=1&rsz=o%7C%7CoeE%7C&abl=CS&pfx=0&fu=128&bc=31&bz=1&pgls=CAk.&ifi=2&uci=a!2&fsb=1&dtd=572 → 200 (275ms, 2292B)
[2026-04-09T09:05:27.282Z] POST https://stat.tiara.tistory.com/track → pending (?ms, ?B)
[2026-04-09T09:05:27.289Z] GET https://www.facebook.com/v3.2/plugins/page.php?adapt_container_width=true&app_id=360877073936113&channel=https%3A%2F%2Fstaticxx.facebook.com%2Fx%2Fconnect%2Fxd_arbiter%2F%3Fversion%3D46%23cb%3Dfe28b17184f26266f%26domain%3Djinjoooppa.tistory.com%26is_canvas%3Dfalse%26origin%3Dhttps%253A%252F%252Fjinjoooppa.tistory.com%252Ffbc33a630a68f7ac8%26relation%3Dparent.parent&container_width=300&hide_cover=true&href=&locale=ko_KR&sdk=joey&show_facepile=false&small_header=true&tabs=timeline → pending (?ms, ?B)
[2026-04-09T09:05:27.292Z] GET https://ep1.adtrafficquality.google/getconfig/sodar?sv=200&tid=gda&tv=r20260407&st=env&sjk=4634554289795289 → pending (?ms, ?B)
[2026-04-09T09:05:27.378Z] POST https://pagead2.googlesyndication.com/pagead/ping?e=1 → 204 (169ms, ?B)
[2026-04-09T09:05:27.581Z] GET https://ep2.adtrafficquality.google/sodar/sodar2.js → 200 (179ms, 21535B)
[2026-04-09T09:05:27.764Z] GET https://ep2.adtrafficquality.google/sodar/sodar2/254/runner.html → 200 (55ms, 14627B)
[2026-04-09T09:05:27.767Z] GET https://www.google.com/recaptcha/api2/aframe → 200 (260ms, 829B)
[2026-04-09T09:05:27.832Z] GET https://pagead2.googlesyndication.com/bg/QbLkVzjjtfpibCmxoy81glVJ9418Gr1UnGMTD8x19p0.js → 200 (66ms, 58116B)
[2026-04-09T09:05:27.993Z] GET https://ep2.adtrafficquality.google/generate_204?dGKhtw → 204 (45ms, ?B)
[2026-04-09T09:05:28.082Z] GET https://pagead2.googlesyndication.com/pagead/sodar?id=sodar2&v=254&li=gda_r20260407&jk=4634554289795289&rc= → 204 (84ms, ?B)
[2026-04-09T09:05:28.286Z] GET https://jinjoooppa.tistory.com/api/inventory?entryId=35 → pending (?ms, ?B)
[2026-04-09T09:05:28.359Z] GET https://searchad-phinf.pstatic.net/MjAyMzExMjlfMzgg/MDAxNzAxMjQzMDk3Njky.wVYS_ff5ILNXu0qhW1okZUIpwj8uO7TsIjDzvLuLsewg.NLYLtAq7E4YNYFtpItslukLZc6675tkVZzQRpPKLrM8g.PNG/2838947-46dd5df1-a5e4-458d-b92f-bcaae1d57194.png → 200 (50ms, 88475B)
[2026-04-09T09:05:28.719Z] GET https://ep1.adtrafficquality.google/pagead/sodar?id=sodar2&v=254&t=2&li=gda_r20260407&jk=4634554289795289&bg=!YmGlYQPNAAZuQnBWTkI7AEcBe5WfOL_DCdOHMVdBd-HzhpPMlQikTlB3M2GsMtXWmMUedyeiAQbKqW3F52-fhyBbHsYnLw3yB4hzooGpcRHTr5cQpIa-ewIAAAEnUgAAAAVoAQd-ADYpLoP3hn4Ck9lejqs3rjUBMo77RVEZCSP-vOe_7rTxsTvHpLJ3QZLbO3wHWP2jaSPmO8nN3rCZAoY4KgrlyQj9SN9RkghCiy1SA90mhGYrX4dS81dUpx5_sWCTF2YWEdartOfBQ_ETc4ATe6XWQxa5ffcaJ3RtMfZnnK7XqfTLPKQ6GoKvH2tg5tdnpFJsZhzwluuybc2dQEy-BopYkhhZoVLIktUNkSnptyavAq2-aHJBxCHwvfDfOCYaq8QGjd0HoZSbCpMBj5YL8TmciZYog6ATeAeNSctGvWciu0yVbaJzPsfNmZPyPNtaeEhNFbq-IrvBJ5Nm8Go4vVlrvB-ljPFw7IZJoWFdZTB0p7uxHTEXVAtRontRR1ZeKfQF99AEk3hJtAkBLU9bHxYUkIhal802_Ul5-nodnOb5QMAuPqETU76XkL9yhEtVNUlW1zSxUO5wULkNwLO8FDjVKPRikDe6HpVRBjulq1FIDX5vOJ7TX2OLCxtu2uxnWW3b5K_NiXIBI0IC_0uIkinH5JYzUBBwVz-l3g-PRoR38Gm5vwpbHzq2gg601lN045RrcW__7piVxdOy2WHnK0YIgWSzwftgK4HUP6d97oOAYmrnIlEBNlt-HKXh8wxwogWDBYW9j-wcW2UOen4aWDgu7cO82jXwb9rikf0w-TRZLtxrUasmOk9GHX9u13ip1bKLjUQyxsXpZt5v9OidFFlGQxD_6Pv7XBUsQuD5E-4eL5fvxapKUzoPvRkmzj8cjFEuqJxDI-vAMDPcjYmnroX36i-XMy_JYSvawLyM9eutqcZo-9hq57IVim_YVN1Diq69MaLLVrgMD-zb6E0oOod0Bk8SsdqdESUz4bpeIrNrV2Smr9k-RtDm06SDnuFAhRQ2-TniBIG44nSVYM0TtkgrjhviMKbfI-wkgUA7jKXJiBNr → 204 (170ms, ?B)
